<?xml version="1.0" encoding="UTF-8"?>
<!-- Generated by org.testng.reporters.JUnitReportReporter -->
<testsuite hostname="FC080-NEW" name="com.scripts.Demo" tests="1" failures="0" timestamp="14 Mar 2017 12:41:39 GMT" time="0.013" errors="0">
  <testcase name="testDemo" time="0.013" classname="com.scripts.Demo"/>
</testsuite> <!-- com.scripts.Demo -->
