<?xml version="1.0" encoding="UTF-8"?>
<!-- Generated by org.testng.reporters.JUnitReportReporter -->
<testsuite hostname="FC080-NEW" name="com.upload.NaukriUpload" tests="1" failures="0" timestamp="16 Mar 2017 05:30:39 GMT" time="35.960" errors="0">
  <testcase name="testUpload" time="35.960" classname="com.upload.NaukriUpload"/>
</testsuite> <!-- com.upload.NaukriUpload -->
